D:\下載\VS studio\MSBuild\Microsoft\VC\v160\Microsoft.CppBuild.targets(498,5): warning MSB8004: Intermediate 目錄結尾不是結尾斜線。這個建置執行個體將會加入此斜線，因為這樣才能正確評估 Intermediate 目錄。
D:\下載\VS studio\MSBuild\Microsoft\VC\v160\Microsoft.CppBuild.targets(499,5): warning MSB8004: Output 目錄結尾不是結尾斜線。這個建置執行個體將會加入此斜線，因為這樣才能正確評估 Output 目錄。
  3.17.c
  3.18.c
  3.19.c
  3.20.c
  3.33.c
  4.15.c
C:\Users\hongy\OneDrive\桌面\HW2\vscode\source\4.15.c(12,46): warning C4244: '=': 將 'double' 轉換為 'float'，由於類型不同，可能導致資料遺失
C:\Users\hongy\OneDrive\桌面\HW2\vscode\source\4.15.c(20,48): warning C4244: '=': 將 'double' 轉換為 'float'，由於類型不同，可能導致資料遺失
C:\Users\hongy\OneDrive\桌面\HW2\vscode\source\4.15.c(28,47): warning C4244: '=': 將 'double' 轉換為 'float'，由於類型不同，可能導致資料遺失
C:\Users\hongy\OneDrive\桌面\HW2\vscode\source\4.15.c(36,48): warning C4244: '=': 將 'double' 轉換為 'float'，由於類型不同，可能導致資料遺失
C:\Users\hongy\OneDrive\桌面\HW2\vscode\source\4.15.c(44,47): warning C4244: '=': 將 'double' 轉換為 'float'，由於類型不同，可能導致資料遺失
  4.16.c
  4.27.c
  4.28.c
  正在產生程式碼...
  LINK : 最後的累加連結找不到或未建置 ..\..\temp\debug\hw2.exe，正在執行完整連結
3.18.obj : error LNK2005: _main 已在 3.17.obj 中定義過了
3.19.obj : error LNK2005: _main 已在 3.17.obj 中定義過了
3.20.obj : error LNK2005: _main 已在 3.17.obj 中定義過了
3.33.obj : error LNK2005: _main 已在 3.17.obj 中定義過了
4.15.obj : error LNK2005: _main 已在 3.17.obj 中定義過了
4.16.obj : error LNK2005: _main 已在 3.17.obj 中定義過了
4.27.obj : error LNK2005: _main 已在 3.17.obj 中定義過了
4.28.obj : error LNK2005: _main 已在 3.17.obj 中定義過了
4.31.obj : error LNK2005: _main 已在 3.17.obj 中定義過了
..\..\temp\debug\hw2.exe : fatal error LNK1169: 找到有一或多個已定義的符號
